** Drc report for solar-glow-drh-v2_1.kicad_pcb **
** Created on 2026-06-25T21:33:15 **
** Report includes: Errors, Warnings, Exclusions **

** Found 174 DRC violations **
[solder_mask_bridge]: Rear solder mask aperture bridges items with different nets
    Rule: board setup solder mask min width; error
    @(35.1500 mm, 40.3000 mm): Polygon on B.Mask
    @(21.1000 mm, 47.6000 mm): Via [ANODE] on F.Cu - B.Cu
[solder_mask_bridge]: Rear solder mask aperture bridges items with different nets
    Rule: board setup solder mask min width; error
    @(35.1500 mm, 40.3000 mm): Polygon on B.Mask
    @(27.4000 mm, 44.3000 mm): Pad A [ANODE] of D4 on B.Cu
[solder_mask_bridge]: Rear solder mask aperture bridges items with different nets
    Rule: board setup solder mask min width; error
    @(35.1500 mm, 40.3000 mm): Polygon on B.Mask
    @(21.1000 mm, 44.3000 mm): Track [ANODE] on B.Cu, length 3.3000 mm
[solder_mask_bridge]: Rear solder mask aperture bridges items with different nets
    Rule: board setup solder mask min width; error
    @(35.1500 mm, 40.3000 mm): Polygon on B.Mask
    @(33.4000 mm, 44.3000 mm): Pad A [ANODE] of D5 on B.Cu
[solder_mask_bridge]: Rear solder mask aperture bridges items with different nets
    Rule: board setup solder mask min width; error
    @(35.1500 mm, 40.3000 mm): Polygon on B.Mask
    @(36.0000 mm, 43.5000 mm): Pad K [K5] of D5 on B.Cu
[solder_mask_bridge]: Rear solder mask aperture bridges items with different nets
    Rule: board setup solder mask min width; error
    @(35.1500 mm, 40.3000 mm): Polygon on B.Mask
    @(21.1000 mm, 44.3000 mm): Pad A [ANODE] of D3 on B.Cu
[solder_mask_bridge]: Rear solder mask aperture bridges items with different nets
    Rule: board setup solder mask min width; error
    @(35.1500 mm, 40.3000 mm): Polygon on B.Mask
    @(23.7000 mm, 43.5000 mm): Pad K [K3] of D3 on B.Cu
[solder_mask_bridge]: Rear solder mask aperture bridges items with different nets
    Rule: board setup solder mask min width; error
    @(35.1500 mm, 40.3000 mm): Polygon on B.Mask
    @(14.8000 mm, 44.3000 mm): Pad A [ANODE] of D2 on B.Cu
[solder_mask_bridge]: Rear solder mask aperture bridges items with different nets
    Rule: board setup solder mask min width; error
    @(35.1500 mm, 40.3000 mm): Polygon on B.Mask
    @(17.4000 mm, 43.5000 mm): Pad K [K2] of D2 on B.Cu
[solder_mask_bridge]: Rear solder mask aperture bridges items with different nets
    Rule: board setup solder mask min width; error
    @(35.1500 mm, 40.3000 mm): Polygon on B.Mask
    @(33.4000 mm, 47.6000 mm): Via [ANODE] on F.Cu - B.Cu
[solder_mask_bridge]: Rear solder mask aperture bridges items with different nets
    Rule: board setup solder mask min width; error
    @(35.1500 mm, 40.3000 mm): Polygon on B.Mask
    @(27.4000 mm, 47.6000 mm): Via [ANODE] on F.Cu - B.Cu
[solder_mask_bridge]: Rear solder mask aperture bridges items with different nets
    Rule: board setup solder mask min width; error
    @(35.1500 mm, 40.3000 mm): Polygon on B.Mask
    @(21.1000 mm, 47.6000 mm): Via [ANODE] on F.Cu - B.Cu
[solder_mask_bridge]: Rear solder mask aperture bridges items with different nets
    Rule: board setup solder mask min width; error
    @(35.1500 mm, 40.3000 mm): Polygon on B.Mask
    @(27.4000 mm, 44.3000 mm): Pad A [ANODE] of D4 on B.Cu
[solder_mask_bridge]: Rear solder mask aperture bridges items with different nets
    Rule: board setup solder mask min width; error
    @(35.1500 mm, 40.3000 mm): Polygon on B.Mask
    @(21.1000 mm, 44.3000 mm): Track [ANODE] on B.Cu, length 3.3000 mm
[solder_mask_bridge]: Rear solder mask aperture bridges items with different nets
    Rule: board setup solder mask min width; error
    @(35.1500 mm, 40.3000 mm): Polygon on B.Mask
    @(33.4000 mm, 44.3000 mm): Pad A [ANODE] of D5 on B.Cu
[solder_mask_bridge]: Rear solder mask aperture bridges items with different nets
    Rule: board setup solder mask min width; error
    @(35.1500 mm, 40.3000 mm): Polygon on B.Mask
    @(21.1000 mm, 44.3000 mm): Pad A [ANODE] of D3 on B.Cu
[solder_mask_bridge]: Rear solder mask aperture bridges items with different nets
    Rule: board setup solder mask min width; error
    @(35.1500 mm, 40.3000 mm): Polygon on B.Mask
    @(23.7000 mm, 43.5000 mm): Pad K [K3] of D3 on B.Cu
[solder_mask_bridge]: Rear solder mask aperture bridges items with different nets
    Rule: board setup solder mask min width; error
    @(35.1500 mm, 40.3000 mm): Polygon on B.Mask
    @(14.8000 mm, 44.3000 mm): Pad A [ANODE] of D2 on B.Cu
[solder_mask_bridge]: Rear solder mask aperture bridges items with different nets
    Rule: board setup solder mask min width; error
    @(35.1500 mm, 40.3000 mm): Polygon on B.Mask
    @(17.4000 mm, 43.5000 mm): Pad K [K2] of D2 on B.Cu
[solder_mask_bridge]: Rear solder mask aperture bridges items with different nets
    Rule: board setup solder mask min width; error
    @(35.1500 mm, 40.3000 mm): Polygon on B.Mask
    @(33.4000 mm, 47.6000 mm): Via [ANODE] on F.Cu - B.Cu
[solder_mask_bridge]: Rear solder mask aperture bridges items with different nets
    Rule: board setup solder mask min width; error
    @(35.1500 mm, 40.3000 mm): Polygon on B.Mask
    @(27.4000 mm, 47.6000 mm): Via [ANODE] on F.Cu - B.Cu
[solder_mask_bridge]: Rear solder mask aperture bridges items with different nets
    Rule: board setup solder mask min width; error
    @(35.1500 mm, 40.3000 mm): Polygon on B.Mask
    @(21.1000 mm, 47.6000 mm): Via [ANODE] on F.Cu - B.Cu
[solder_mask_bridge]: Rear solder mask aperture bridges items with different nets
    Rule: board setup solder mask min width; error
    @(35.1500 mm, 40.3000 mm): Polygon on B.Mask
    @(27.4000 mm, 44.3000 mm): Pad A [ANODE] of D4 on B.Cu
[solder_mask_bridge]: Rear solder mask aperture bridges items with different nets
    Rule: board setup solder mask min width; error
    @(35.1500 mm, 40.3000 mm): Polygon on B.Mask
    @(21.1000 mm, 44.3000 mm): Track [ANODE] on B.Cu, length 3.3000 mm
[solder_mask_bridge]: Rear solder mask aperture bridges items with different nets
    Rule: board setup solder mask min width; error
    @(35.1500 mm, 40.3000 mm): Polygon on B.Mask
    @(33.4000 mm, 44.3000 mm): Pad A [ANODE] of D5 on B.Cu
[solder_mask_bridge]: Rear solder mask aperture bridges items with different nets
    Rule: board setup solder mask min width; error
    @(35.1500 mm, 40.3000 mm): Polygon on B.Mask
    @(21.1000 mm, 44.3000 mm): Pad A [ANODE] of D3 on B.Cu
[solder_mask_bridge]: Rear solder mask aperture bridges items with different nets
    Rule: board setup solder mask min width; error
    @(35.1500 mm, 40.3000 mm): Polygon on B.Mask
    @(14.8000 mm, 44.3000 mm): Pad A [ANODE] of D2 on B.Cu
[solder_mask_bridge]: Rear solder mask aperture bridges items with different nets
    Rule: board setup solder mask min width; error
    @(35.1500 mm, 40.3000 mm): Polygon on B.Mask
    @(17.4000 mm, 43.5000 mm): Pad K [K2] of D2 on B.Cu
[solder_mask_bridge]: Rear solder mask aperture bridges items with different nets
    Rule: board setup solder mask min width; error
    @(35.1500 mm, 40.3000 mm): Polygon on B.Mask
    @(33.4000 mm, 47.6000 mm): Via [ANODE] on F.Cu - B.Cu
[solder_mask_bridge]: Rear solder mask aperture bridges items with different nets
    Rule: board setup solder mask min width; error
    @(35.1500 mm, 40.3000 mm): Polygon on B.Mask
    @(27.4000 mm, 47.6000 mm): Via [ANODE] on F.Cu - B.Cu
[solder_mask_bridge]: Rear solder mask aperture bridges items with different nets
    Rule: board setup solder mask min width; error
    @(35.1500 mm, 40.3000 mm): Polygon on B.Mask
    @(21.1000 mm, 47.6000 mm): Via [ANODE] on F.Cu - B.Cu
[solder_mask_bridge]: Rear solder mask aperture bridges items with different nets
    Rule: board setup solder mask min width; error
    @(35.1500 mm, 40.3000 mm): Polygon on B.Mask
    @(27.4000 mm, 44.3000 mm): Pad A [ANODE] of D4 on B.Cu
[solder_mask_bridge]: Rear solder mask aperture bridges items with different nets
    Rule: board setup solder mask min width; error
    @(35.1500 mm, 40.3000 mm): Polygon on B.Mask
    @(21.1000 mm, 44.3000 mm): Track [ANODE] on B.Cu, length 3.3000 mm
[solder_mask_bridge]: Rear solder mask aperture bridges items with different nets
    Rule: board setup solder mask min width; error
    @(35.1500 mm, 40.3000 mm): Polygon on B.Mask
    @(33.4000 mm, 44.3000 mm): Pad A [ANODE] of D5 on B.Cu
[solder_mask_bridge]: Rear solder mask aperture bridges items with different nets
    Rule: board setup solder mask min width; error
    @(35.1500 mm, 40.3000 mm): Polygon on B.Mask
    @(21.1000 mm, 44.3000 mm): Pad A [ANODE] of D3 on B.Cu
[solder_mask_bridge]: Rear solder mask aperture bridges items with different nets
    Rule: board setup solder mask min width; error
    @(35.1500 mm, 40.3000 mm): Polygon on B.Mask
    @(14.8000 mm, 44.3000 mm): Pad A [ANODE] of D2 on B.Cu
[solder_mask_bridge]: Rear solder mask aperture bridges items with different nets
    Rule: board setup solder mask min width; error
    @(35.1500 mm, 40.3000 mm): Polygon on B.Mask
    @(33.4000 mm, 47.6000 mm): Via [ANODE] on F.Cu - B.Cu
[solder_mask_bridge]: Rear solder mask aperture bridges items with different nets
    Rule: board setup solder mask min width; error
    @(35.1500 mm, 40.3000 mm): Polygon on B.Mask
    @(27.4000 mm, 47.6000 mm): Via [ANODE] on F.Cu - B.Cu
[solder_mask_bridge]: Rear solder mask aperture bridges items with different nets
    Rule: board setup solder mask min width; error
    @(35.1500 mm, 40.3000 mm): Polygon on B.Mask
    @(21.1000 mm, 47.6000 mm): Via [ANODE] on F.Cu - B.Cu
[solder_mask_bridge]: Rear solder mask aperture bridges items with different nets
    Rule: board setup solder mask min width; error
    @(35.1500 mm, 40.3000 mm): Polygon on B.Mask
    @(27.4000 mm, 44.3000 mm): Pad A [ANODE] of D4 on B.Cu
[solder_mask_bridge]: Rear solder mask aperture bridges items with different nets
    Rule: board setup solder mask min width; error
    @(35.1500 mm, 40.3000 mm): Polygon on B.Mask
    @(21.1000 mm, 44.3000 mm): Track [ANODE] on B.Cu, length 3.3000 mm
[solder_mask_bridge]: Rear solder mask aperture bridges items with different nets
    Rule: board setup solder mask min width; error
    @(35.1500 mm, 40.3000 mm): Polygon on B.Mask
    @(33.4000 mm, 44.3000 mm): Pad A [ANODE] of D5 on B.Cu
[solder_mask_bridge]: Rear solder mask aperture bridges items with different nets
    Rule: board setup solder mask min width; error
    @(35.1500 mm, 40.3000 mm): Polygon on B.Mask
    @(21.1000 mm, 44.3000 mm): Pad A [ANODE] of D3 on B.Cu
[solder_mask_bridge]: Rear solder mask aperture bridges items with different nets
    Rule: board setup solder mask min width; error
    @(35.1500 mm, 40.3000 mm): Polygon on B.Mask
    @(14.8000 mm, 44.3000 mm): Pad A [ANODE] of D2 on B.Cu
[solder_mask_bridge]: Rear solder mask aperture bridges items with different nets
    Rule: board setup solder mask min width; error
    @(35.1500 mm, 40.3000 mm): Polygon on B.Mask
    @(33.4000 mm, 47.6000 mm): Via [ANODE] on F.Cu - B.Cu
[solder_mask_bridge]: Rear solder mask aperture bridges items with different nets
    Rule: board setup solder mask min width; error
    @(35.1500 mm, 40.3000 mm): Polygon on B.Mask
    @(27.4000 mm, 47.6000 mm): Via [ANODE] on F.Cu - B.Cu
[solder_mask_bridge]: Front solder mask aperture bridges items with different nets
    Rule: board setup solder mask min width; error
    @(48.8000 mm, 40.2750 mm): Polygon on F.Mask
    @(45.6000 mm, 40.5000 mm): Via [MID] on F.Cu - B.Cu
[solder_mask_bridge]: Front solder mask aperture bridges items with different nets
    Rule: board setup solder mask min width; error
    @(48.8000 mm, 40.2750 mm): Polygon on F.Mask
    @(40.9010 mm, 40.1260 mm): Polygon [<no net>] on F.Cu
[solder_mask_bridge]: Front solder mask aperture bridges items with different nets
    Rule: board setup solder mask min width; error
    @(48.8000 mm, 40.2750 mm): Polygon on F.Mask
    @(40.8410 mm, 40.2990 mm): Polygon [<no net>] on F.Cu
[solder_mask_bridge]: Front solder mask aperture bridges items with different nets
    Rule: board setup solder mask min width; error
    @(48.8000 mm, 40.2750 mm): Polygon on F.Mask
    @(48.8000 mm, 40.2750 mm): Polygon [<no net>] on F.Cu
[solder_mask_bridge]: Front solder mask aperture bridges items with different nets
    Rule: board setup solder mask min width; error
    @(48.8000 mm, 40.5250 mm): Polygon on F.Mask
    @(45.6000 mm, 40.5000 mm): Via [MID] on F.Cu - B.Cu
[solder_mask_bridge]: Front solder mask aperture bridges items with different nets
    Rule: board setup solder mask min width; error
    @(48.8000 mm, 40.5250 mm): Polygon on F.Mask
    @(40.8410 mm, 40.2990 mm): Polygon [<no net>] on F.Cu
[solder_mask_bridge]: Front solder mask aperture bridges items with different nets
    Rule: board setup solder mask min width; error
    @(48.8000 mm, 40.5250 mm): Polygon on F.Mask
    @(48.8000 mm, 40.2750 mm): Polygon [<no net>] on F.Cu
[solder_mask_bridge]: Front solder mask aperture bridges items with different nets
    Rule: board setup solder mask min width; error
    @(48.8000 mm, 40.5250 mm): Polygon on F.Mask
    @(40.8160 mm, 40.8130 mm): Polygon [<no net>] on F.Cu
[solder_mask_bridge]: Rear solder mask aperture bridges items with different nets
    Rule: board setup solder mask min width; error
    @(35.1500 mm, 40.3000 mm): Polygon on B.Mask
    @(21.1000 mm, 47.6000 mm): Via [ANODE] on F.Cu - B.Cu
[solder_mask_bridge]: Rear solder mask aperture bridges items with different nets
    Rule: board setup solder mask min width; error
    @(35.1500 mm, 40.3000 mm): Polygon on B.Mask
    @(27.4000 mm, 44.3000 mm): Pad A [ANODE] of D4 on B.Cu
[solder_mask_bridge]: Rear solder mask aperture bridges items with different nets
    Rule: board setup solder mask min width; error
    @(35.1500 mm, 40.3000 mm): Polygon on B.Mask
    @(21.1000 mm, 44.3000 mm): Track [ANODE] on B.Cu, length 3.3000 mm
[solder_mask_bridge]: Rear solder mask aperture bridges items with different nets
    Rule: board setup solder mask min width; error
    @(35.1500 mm, 40.3000 mm): Polygon on B.Mask
    @(33.4000 mm, 44.3000 mm): Pad A [ANODE] of D5 on B.Cu
[solder_mask_bridge]: Rear solder mask aperture bridges items with different nets
    Rule: board setup solder mask min width; error
    @(35.1500 mm, 40.3000 mm): Polygon on B.Mask
    @(21.1000 mm, 44.3000 mm): Pad A [ANODE] of D3 on B.Cu
[solder_mask_bridge]: Rear solder mask aperture bridges items with different nets
    Rule: board setup solder mask min width; error
    @(35.1500 mm, 40.3000 mm): Polygon on B.Mask
    @(14.8000 mm, 44.3000 mm): Pad A [ANODE] of D2 on B.Cu
[solder_mask_bridge]: Rear solder mask aperture bridges items with different nets
    Rule: board setup solder mask min width; error
    @(35.1500 mm, 40.3000 mm): Polygon on B.Mask
    @(33.4000 mm, 47.6000 mm): Via [ANODE] on F.Cu - B.Cu
[solder_mask_bridge]: Rear solder mask aperture bridges items with different nets
    Rule: board setup solder mask min width; error
    @(35.1500 mm, 40.3000 mm): Polygon on B.Mask
    @(27.4000 mm, 47.6000 mm): Via [ANODE] on F.Cu - B.Cu
[solder_mask_bridge]: Rear solder mask aperture bridges items with different nets
    Rule: board setup solder mask min width; error
    @(35.1500 mm, 40.3000 mm): Polygon on B.Mask
    @(21.1000 mm, 47.6000 mm): Via [ANODE] on F.Cu - B.Cu
[solder_mask_bridge]: Rear solder mask aperture bridges items with different nets
    Rule: board setup solder mask min width; error
    @(35.1500 mm, 40.3000 mm): Polygon on B.Mask
    @(27.4000 mm, 44.3000 mm): Pad A [ANODE] of D4 on B.Cu
[solder_mask_bridge]: Rear solder mask aperture bridges items with different nets
    Rule: board setup solder mask min width; error
    @(35.1500 mm, 40.3000 mm): Polygon on B.Mask
    @(21.1000 mm, 44.3000 mm): Track [ANODE] on B.Cu, length 3.3000 mm
[solder_mask_bridge]: Rear solder mask aperture bridges items with different nets
    Rule: board setup solder mask min width; error
    @(35.1500 mm, 40.3000 mm): Polygon on B.Mask
    @(33.4000 mm, 44.3000 mm): Pad A [ANODE] of D5 on B.Cu
[solder_mask_bridge]: Rear solder mask aperture bridges items with different nets
    Rule: board setup solder mask min width; error
    @(35.1500 mm, 40.3000 mm): Polygon on B.Mask
    @(21.1000 mm, 44.3000 mm): Pad A [ANODE] of D3 on B.Cu
[solder_mask_bridge]: Rear solder mask aperture bridges items with different nets
    Rule: board setup solder mask min width; error
    @(35.1500 mm, 40.3000 mm): Polygon on B.Mask
    @(14.8000 mm, 44.3000 mm): Pad A [ANODE] of D2 on B.Cu
[solder_mask_bridge]: Rear solder mask aperture bridges items with different nets
    Rule: board setup solder mask min width; error
    @(35.1500 mm, 40.3000 mm): Polygon on B.Mask
    @(33.4000 mm, 47.6000 mm): Via [ANODE] on F.Cu - B.Cu
[solder_mask_bridge]: Rear solder mask aperture bridges items with different nets
    Rule: board setup solder mask min width; error
    @(35.1500 mm, 40.3000 mm): Polygon on B.Mask
    @(27.4000 mm, 47.6000 mm): Via [ANODE] on F.Cu - B.Cu
[solder_mask_bridge]: Rear solder mask aperture bridges items with different nets
    Rule: board setup solder mask min width; error
    @(35.1500 mm, 40.3000 mm): Polygon on B.Mask
    @(21.1000 mm, 47.6000 mm): Via [ANODE] on F.Cu - B.Cu
[solder_mask_bridge]: Rear solder mask aperture bridges items with different nets
    Rule: board setup solder mask min width; error
    @(35.1500 mm, 40.3000 mm): Polygon on B.Mask
    @(27.4000 mm, 44.3000 mm): Pad A [ANODE] of D4 on B.Cu
[solder_mask_bridge]: Rear solder mask aperture bridges items with different nets
    Rule: board setup solder mask min width; error
    @(35.1500 mm, 40.3000 mm): Polygon on B.Mask
    @(21.1000 mm, 44.3000 mm): Track [ANODE] on B.Cu, length 3.3000 mm
[solder_mask_bridge]: Rear solder mask aperture bridges items with different nets
    Rule: board setup solder mask min width; error
    @(35.1500 mm, 40.3000 mm): Polygon on B.Mask
    @(33.4000 mm, 44.3000 mm): Pad A [ANODE] of D5 on B.Cu
[solder_mask_bridge]: Rear solder mask aperture bridges items with different nets
    Rule: board setup solder mask min width; error
    @(35.1500 mm, 40.3000 mm): Polygon on B.Mask
    @(21.1000 mm, 44.3000 mm): Pad A [ANODE] of D3 on B.Cu
[solder_mask_bridge]: Rear solder mask aperture bridges items with different nets
    Rule: board setup solder mask min width; error
    @(35.1500 mm, 40.3000 mm): Polygon on B.Mask
    @(14.8000 mm, 44.3000 mm): Pad A [ANODE] of D2 on B.Cu
[solder_mask_bridge]: Rear solder mask aperture bridges items with different nets
    Rule: board setup solder mask min width; error
    @(35.1500 mm, 40.3000 mm): Polygon on B.Mask
    @(33.4000 mm, 47.6000 mm): Via [ANODE] on F.Cu - B.Cu
[solder_mask_bridge]: Rear solder mask aperture bridges items with different nets
    Rule: board setup solder mask min width; error
    @(35.1500 mm, 40.3000 mm): Polygon on B.Mask
    @(27.4000 mm, 47.6000 mm): Via [ANODE] on F.Cu - B.Cu
[solder_mask_bridge]: Front solder mask aperture bridges items with different nets
    Rule: board setup solder mask min width; error
    @(48.8000 mm, 40.2750 mm): Polygon on F.Mask
    @(45.6000 mm, 40.5000 mm): Via [MID] on F.Cu - B.Cu
[solder_mask_bridge]: Front solder mask aperture bridges items with different nets
    Rule: board setup solder mask min width; error
    @(41.5500 mm, 41.0250 mm): Polygon on F.Mask
    @(40.4000 mm, 40.5350 mm): Via [VS] on F.Cu - B.Cu
[solder_mask_bridge]: Front solder mask aperture bridges items with different nets
    Rule: board setup solder mask min width; error
    @(48.8000 mm, 40.2750 mm): Polygon on F.Mask
    @(45.6000 mm, 40.5000 mm): Via [MID] on F.Cu - B.Cu
[solder_mask_bridge]: Front solder mask aperture bridges items with different nets
    Rule: board setup solder mask min width; error
    @(48.8000 mm, 40.5250 mm): Polygon on F.Mask
    @(45.6000 mm, 40.5000 mm): Via [MID] on F.Cu - B.Cu
[solder_mask_bridge]: Front solder mask aperture bridges items with different nets
    Rule: board setup solder mask min width; error
    @(48.8000 mm, 40.2750 mm): Polygon on F.Mask
    @(45.6000 mm, 40.5000 mm): Via [MID] on F.Cu - B.Cu
[solder_mask_bridge]: Front solder mask aperture bridges items with different nets
    Rule: board setup solder mask min width; error
    @(48.8000 mm, 40.5250 mm): Polygon on F.Mask
    @(45.6000 mm, 40.5000 mm): Via [MID] on F.Cu - B.Cu
[solder_mask_bridge]: Front solder mask aperture bridges items with different nets
    Rule: board setup solder mask min width; error
    @(45.3000 mm, 41.2750 mm): Polygon on F.Mask
    @(45.6000 mm, 41.8050 mm): Via [GND] on F.Cu - B.Cu
[solder_mask_bridge]: Front solder mask aperture bridges items with different nets
    Rule: board setup solder mask min width; error
    @(41.5500 mm, 41.0250 mm): Polygon on F.Mask
    @(40.4000 mm, 40.5350 mm): Via [VS] on F.Cu - B.Cu
[solder_mask_bridge]: Front solder mask aperture bridges items with different nets
    Rule: board setup solder mask min width; error
    @(48.8000 mm, 40.5250 mm): Polygon on F.Mask
    @(45.6000 mm, 40.5000 mm): Via [MID] on F.Cu - B.Cu
[solder_mask_bridge]: Front solder mask aperture bridges items with different nets
    Rule: board setup solder mask min width; error
    @(45.5500 mm, 41.5250 mm): Polygon on F.Mask
    @(45.6000 mm, 41.8050 mm): Via [GND] on F.Cu - B.Cu
[solder_mask_bridge]: Front solder mask aperture bridges items with different nets
    Rule: board setup solder mask min width; error
    @(45.3000 mm, 41.2750 mm): Polygon on F.Mask
    @(45.6000 mm, 41.8050 mm): Via [GND] on F.Cu - B.Cu
[solder_mask_bridge]: Front solder mask aperture bridges items with different nets
    Rule: board setup solder mask min width; error
    @(41.5500 mm, 41.7750 mm): Polygon on F.Mask
    @(40.4000 mm, 41.8000 mm): Via [MID] on F.Cu - B.Cu
[solder_mask_bridge]: Front solder mask aperture bridges items with different nets
    Rule: board setup solder mask min width; error
    @(41.5500 mm, 42.0250 mm): Polygon on F.Mask
    @(40.4000 mm, 41.8000 mm): Via [MID] on F.Cu - B.Cu
[solder_mask_bridge]: Front solder mask aperture bridges items with different nets
    Rule: board setup solder mask min width; error
    @(45.0500 mm, 42.0250 mm): Polygon on F.Mask
    @(45.6000 mm, 41.8050 mm): Via [GND] on F.Cu - B.Cu
[solder_mask_bridge]: Front solder mask aperture bridges items with different nets
    Rule: board setup solder mask min width; error
    @(41.5500 mm, 41.7750 mm): Polygon on F.Mask
    @(40.4000 mm, 41.8000 mm): Via [MID] on F.Cu - B.Cu
[solder_mask_bridge]: Front solder mask aperture bridges items with different nets
    Rule: board setup solder mask min width; error
    @(41.5500 mm, 42.0250 mm): Polygon on F.Mask
    @(40.4000 mm, 41.8000 mm): Via [MID] on F.Cu - B.Cu
[solder_mask_bridge]: Front solder mask aperture bridges items with different nets
    Rule: board setup solder mask min width; error
    @(45.3000 mm, 41.7750 mm): Polygon on F.Mask
    @(45.6000 mm, 41.8050 mm): Via [GND] on F.Cu - B.Cu
[solder_mask_bridge]: Front solder mask aperture bridges items with different nets
    Rule: board setup solder mask min width; error
    @(45.0500 mm, 42.0250 mm): Polygon on F.Mask
    @(45.6000 mm, 41.8050 mm): Via [GND] on F.Cu - B.Cu
[solder_mask_bridge]: Front solder mask aperture bridges items with different nets
    Rule: board setup solder mask min width; error
    @(45.0500 mm, 42.0250 mm): Polygon on F.Mask
    @(45.6000 mm, 41.8050 mm): Via [GND] on F.Cu - B.Cu
[solder_mask_bridge]: Front solder mask aperture bridges items with different nets
    Rule: board setup solder mask min width; error
    @(44.0500 mm, 42.7750 mm): Polygon on F.Mask
    @(42.1500 mm, 42.8800 mm): Via [VS] on F.Cu - B.Cu
[solder_mask_bridge]: Front solder mask aperture bridges items with different nets
    Rule: board setup solder mask min width; error
    @(42.0500 mm, 43.2750 mm): Polygon on F.Mask
    @(42.1500 mm, 42.8800 mm): Via [VS] on F.Cu - B.Cu
[solder_mask_bridge]: Front solder mask aperture bridges items with different nets
    Rule: board setup solder mask min width; error
    @(44.0500 mm, 42.7750 mm): Polygon on F.Mask
    @(42.1500 mm, 42.8800 mm): Via [VS] on F.Cu - B.Cu
[solder_mask_bridge]: Front solder mask aperture bridges items with different nets
    Rule: board setup solder mask min width; error
    @(44.8000 mm, 43.0250 mm): Polygon on F.Mask
    @(44.8000 mm, 43.5000 mm): Via [VIN] on F.Cu - B.Cu
[solder_mask_bridge]: Front solder mask aperture bridges items with different nets
    Rule: board setup solder mask min width; error
    @(45.0500 mm, 43.2750 mm): Polygon on F.Mask
    @(44.8000 mm, 43.5000 mm): Via [VIN] on F.Cu - B.Cu
[solder_mask_bridge]: Front solder mask aperture bridges items with different nets
    Rule: board setup solder mask min width; error
    @(44.0500 mm, 42.7750 mm): Polygon on F.Mask
    @(42.1500 mm, 42.8800 mm): Via [VS] on F.Cu - B.Cu
[solder_mask_bridge]: Front solder mask aperture bridges items with different nets
    Rule: board setup solder mask min width; error
    @(44.0500 mm, 43.5250 mm): Polygon on F.Mask
    @(44.8000 mm, 43.5000 mm): Via [VIN] on F.Cu - B.Cu
[solder_mask_bridge]: Front solder mask aperture bridges items with different nets
    Rule: board setup solder mask min width; error
    @(42.0500 mm, 43.2750 mm): Polygon on F.Mask
    @(42.1500 mm, 42.8800 mm): Via [VS] on F.Cu - B.Cu
[solder_mask_bridge]: Front solder mask aperture bridges items with different nets
    Rule: board setup solder mask min width; error
    @(45.0500 mm, 43.2750 mm): Polygon on F.Mask
    @(44.8000 mm, 43.5000 mm): Via [VIN] on F.Cu - B.Cu
[solder_mask_bridge]: Front solder mask aperture bridges items with different nets
    Rule: board setup solder mask min width; error
    @(44.0500 mm, 43.5250 mm): Polygon on F.Mask
    @(44.8000 mm, 43.5000 mm): Via [VIN] on F.Cu - B.Cu
[solder_mask_bridge]: Front solder mask aperture bridges items with different nets
    Rule: board setup solder mask min width; error
    @(44.8000 mm, 43.7750 mm): Polygon on F.Mask
    @(44.8000 mm, 43.5000 mm): Via [VIN] on F.Cu - B.Cu
[solder_mask_bridge]: Front solder mask aperture bridges items with different nets
    Rule: board setup solder mask min width; error
    @(44.0500 mm, 43.5250 mm): Polygon on F.Mask
    @(44.8000 mm, 43.5000 mm): Via [VIN] on F.Cu - B.Cu
[solder_mask_bridge]: Front solder mask aperture bridges items with different nets
    Rule: board setup solder mask min width; error
    @(44.8000 mm, 43.7750 mm): Polygon on F.Mask
    @(44.8000 mm, 43.5000 mm): Via [VIN] on F.Cu - B.Cu
[solder_mask_bridge]: Front solder mask aperture bridges items with different nets
    Rule: board setup solder mask min width; error
    @(44.8000 mm, 45.7750 mm): Polygon on F.Mask
    @(45.5000 mm, 46.1300 mm): Via [VS] on F.Cu - B.Cu
[solder_mask_bridge]: Front solder mask aperture bridges items with different nets
    Rule: board setup solder mask min width; error
    @(44.8000 mm, 45.7750 mm): Polygon on F.Mask
    @(45.5000 mm, 46.1300 mm): Via [VS] on F.Cu - B.Cu
[track_dangling]: Track has unconnected end
    Local override; warning
    @(25.4000 mm, 57.0000 mm): Track [BTN] on F.Cu, length 1.2000 mm
[lib_footprint_issues]: The current configuration does not include the footprint library 'solarglow'
    Local override; warning
    @(3.5000 mm, 3.0000 mm): Footprint MH3
[lib_footprint_issues]: The current configuration does not include the footprint library 'solarglow'
    Local override; warning
    @(25.4000 mm, 71.9000 mm): Footprint PV2
[lib_footprint_issues]: The current configuration does not include the footprint library 'solarglow'
    Local override; warning
    @(47.3000 mm, 85.9000 mm): Footprint MH2
[lib_footprint_issues]: The current configuration does not include the footprint library 'solarglow'
    Local override; warning
    @(3.5000 mm, 85.9000 mm): Footprint MH1
[lib_footprint_issues]: The current configuration does not include the footprint library 'solarglow'
    Local override; warning
    @(47.3000 mm, 3.0000 mm): Footprint MH4
[lib_footprint_issues]: The current configuration does not include the footprint library 'solarglow'
    Local override; warning
    @(25.4000 mm, 17.0000 mm): Footprint PV1
[lib_footprint_issues]: The current configuration does not include the footprint library 'solarglow'
    Local override; warning
    @(0.0000 mm, 0.0000 mm): Footprint <no reference designator>
[lib_footprint_issues]: The current configuration does not include the footprint library 'solarglow'
    Local override; warning
    @(15.5000 mm, 16.9000 mm): Footprint SC1
[lib_footprint_issues]: The current configuration does not include the footprint library 'solarglow'
    Local override; warning
    @(22.4000 mm, 49.6000 mm): Footprint R2
[lib_footprint_issues]: The current configuration does not include the footprint library 'solarglow'
    Local override; warning
    @(45.5000 mm, 48.0000 mm): Footprint R7
[lib_footprint_issues]: The current configuration does not include the footprint library 'solarglow'
    Local override; warning
    @(16.0000 mm, 32.4000 mm): Footprint R10
[lib_footprint_issues]: The current configuration does not include the footprint library 'solarglow'
    Local override; warning
    @(24.0000 mm, 48.6000 mm): Footprint SW2
[lib_footprint_issues]: The current configuration does not include the footprint library 'solarglow'
    Local override; warning
    @(43.0000 mm, 49.0000 mm): Footprint U4
[lib_footprint_issues]: The current configuration does not include the footprint library 'solarglow'
    Local override; warning
    @(9.5000 mm, 45.5000 mm): Footprint C1
[lib_footprint_issues]: The current configuration does not include the footprint library 'solarglow'
    Local override; warning
    @(22.7000 mm, 36.4000 mm): Footprint C6
[lib_footprint_issues]: The current configuration does not include the footprint library 'solarglow'
    Local override; warning
    @(7.6000 mm, 50.4000 mm): Footprint R6
[lib_footprint_issues]: The current configuration does not include the footprint library 'solarglow'
    Local override; warning
    @(22.4000 mm, 52.0000 mm): Footprint SB2
[lib_footprint_issues]: The current configuration does not include the footprint library 'solarglow'
    Local override; warning
    @(13.3000 mm, 46.0000 mm): Footprint SJ1
[lib_footprint_issues]: The current configuration does not include the footprint library 'solarglow'
    Local override; warning
    @(31.5500 mm, 48.6000 mm): Footprint R12
[lib_footprint_issues]: The current configuration does not include the footprint library 'solarglow'
    Local override; warning
    @(28.7000 mm, 43.9000 mm): Footprint D4
[lib_footprint_issues]: The current configuration does not include the footprint library 'solarglow'
    Local override; warning
    @(9.5000 mm, 40.9000 mm): Footprint U1
[lib_footprint_issues]: The current configuration does not include the footprint library 'solarglow'
    Local override; warning
    @(4.7000 mm, 38.4000 mm): Footprint J1
[lib_footprint_issues]: The current configuration does not include the footprint library 'solarglow'
    Local override; warning
    @(34.7000 mm, 43.9000 mm): Footprint D5
[lib_footprint_issues]: The current configuration does not include the footprint library 'solarglow'
    Local override; warning
    @(34.7000 mm, 49.6000 mm): Footprint R4
[lib_footprint_issues]: The current configuration does not include the footprint library 'solarglow'
    Local override; warning
    @(28.7000 mm, 49.6000 mm): Footprint R3
[lib_footprint_issues]: The current configuration does not include the footprint library 'solarglow'
    Local override; warning
    @(9.5000 mm, 36.6000 mm): Footprint C2
[lib_footprint_issues]: The current configuration does not include the footprint library 'solarglow'
    Local override; warning
    @(6.0000 mm, 54.9000 mm): Footprint JP2
[lib_footprint_issues]: The current configuration does not include the footprint library 'solarglow'
    Local override; warning
    @(43.0000 mm, 36.1000 mm): Footprint C4
[lib_footprint_issues]: The current configuration does not include the footprint library 'solarglow'
    Local override; warning
    @(16.1000 mm, 52.0000 mm): Footprint SB1
[lib_footprint_issues]: The current configuration does not include the footprint library 'solarglow'
    Local override; warning
    @(44.0000 mm, 43.9000 mm): Footprint D1
[lib_footprint_issues]: The current configuration does not include the footprint library 'solarglow'
    Local override; warning
    @(15.5000 mm, 72.0000 mm): Footprint SC3
[lib_footprint_issues]: The current configuration does not include the footprint library 'solarglow'
    Local override; warning
    @(34.7000 mm, 52.0000 mm): Footprint SB4
[lib_footprint_issues]: The current configuration does not include the footprint library 'solarglow'
    Local override; warning
    @(13.3000 mm, 16.9000 mm): Footprint TC1
[lib_footprint_issues]: The current configuration does not include the footprint library 'solarglow'
    Local override; warning
    @(43.5000 mm, 53.5000 mm): Footprint D9
[lib_footprint_issues]: The current configuration does not include the footprint library 'solarglow'
    Local override; warning
    @(41.1000 mm, 49.0000 mm): Footprint Q1
[lib_footprint_issues]: The current configuration does not include the footprint library 'solarglow'
    Local override; warning
    @(12.5000 mm, 48.5000 mm): Footprint C3
[lib_footprint_issues]: The current configuration does not include the footprint library 'solarglow'
    Local override; warning
    @(22.4000 mm, 43.9000 mm): Footprint D3
[lib_footprint_issues]: The current configuration does not include the footprint library 'solarglow'
    Local override; warning
    @(16.1000 mm, 43.9000 mm): Footprint D2
[lib_footprint_issues]: The current configuration does not include the footprint library 'solarglow'
    Local override; warning
    @(20.0000 mm, 35.9000 mm): Footprint U3
[lib_footprint_issues]: The current configuration does not include the footprint library 'solarglow'
    Local override; warning
    @(7.4000 mm, 52.6000 mm): Footprint C5
[lib_footprint_issues]: The current configuration does not include the footprint library 'solarglow'
    Local override; warning
    @(16.0000 mm, 34.9600 mm): Footprint R11
[lib_footprint_issues]: The current configuration does not include the footprint library 'solarglow'
    Local override; warning
    @(16.1000 mm, 49.6000 mm): Footprint R1
[lib_footprint_issues]: The current configuration does not include the footprint library 'solarglow'
    Local override; warning
    @(38.5000 mm, 49.0000 mm): Footprint C7
[lib_footprint_issues]: The current configuration does not include the footprint library 'solarglow'
    Local override; warning
    @(43.0000 mm, 39.9000 mm): Footprint U2
[lib_footprint_issues]: The current configuration does not include the footprint library 'solarglow'
    Local override; warning
    @(35.3000 mm, 72.0000 mm): Footprint SC4
[lib_footprint_issues]: The current configuration does not include the footprint library 'solarglow'
    Local override; warning
    @(35.3000 mm, 16.9000 mm): Footprint SC2
[lib_footprint_issues]: The current configuration does not include the footprint library 'solarglow'
    Local override; warning
    @(13.7000 mm, 34.9600 mm): Footprint JP1
[lib_footprint_issues]: The current configuration does not include the footprint library 'solarglow'
    Local override; warning
    @(45.5000 mm, 50.5000 mm): Footprint R8
[lib_footprint_issues]: The current configuration does not include the footprint library 'solarglow'
    Local override; warning
    @(4.5000 mm, 50.4000 mm): Footprint R5
[lib_footprint_issues]: The current configuration does not include the footprint library 'solarglow'
    Local override; warning
    @(40.5000 mm, 46.1000 mm): Footprint R9
[lib_footprint_issues]: The current configuration does not include the footprint library 'solarglow'
    Local override; warning
    @(28.7000 mm, 52.0000 mm): Footprint SB3
[silk_over_copper]: Silkscreen clipped by solder mask
    Local override; warning
    @(15.4500 mm, 46.0000 mm): Reference field of SJ1
    @(35.1500 mm, 40.3000 mm): Polygon on B.Mask
[silk_over_copper]: Silkscreen clipped by solder mask
    Local override; warning
    @(26.3000 mm, 46.1750 mm): PCB text 'TINY' on B.Silkscreen
    @(35.1500 mm, 40.3000 mm): Polygon on B.Mask
[silk_over_copper]: Silkscreen clipped by solder mask
    Local override; warning
    @(24.0000 mm, 47.5000 mm): Reference field of SW2
    @(35.1500 mm, 40.3000 mm): Polygon on B.Mask
[silk_over_copper]: Silkscreen clipped by solder mask
    Local override; warning
    @(31.5500 mm, 47.4000 mm): Reference field of R12
    @(35.1500 mm, 40.3000 mm): Polygon on B.Mask
[silk_over_copper]: Silkscreen clipped by solder mask
    Local override; warning
    @(23.1000 mm, 46.2000 mm): PCB text 'ON' on B.Silkscreen
    @(35.1500 mm, 40.3000 mm): Polygon on B.Mask
[silk_over_copper]: Silkscreen clipped by solder mask
    Local override; warning
    @(22.4000 mm, 42.4500 mm): Reference field of D3
    @(35.1500 mm, 40.3000 mm): Polygon on B.Mask
[silk_over_copper]: Silkscreen clipped by solder mask
    Local override; warning
    @(16.1000 mm, 42.4500 mm): Reference field of D2
    @(35.1500 mm, 40.3000 mm): Polygon on B.Mask
[silk_over_copper]: Silkscreen clipped by solder mask
    Local override; warning
    @(34.9200 mm, 47.5120 mm): Reference field of R4
    @(35.1500 mm, 40.3000 mm): Polygon on B.Mask
[silk_over_copper]: Silkscreen clipped by solder mask
    Local override; warning
    @(28.7000 mm, 42.4500 mm): Reference field of D4
    @(35.1500 mm, 40.3000 mm): Polygon on B.Mask
[silk_over_copper]: Silkscreen clipped by solder mask
    Local override; warning
    @(34.7000 mm, 42.4500 mm): Reference field of D5
    @(35.1500 mm, 40.3000 mm): Polygon on B.Mask

** Found 0 unconnected pads **

** Found 0 Footprint errors **

** Ignored checks **
    - Footprint has no courtyard defined
    - Track endpoint not centered on via
    - Tuning profile track geometries
    - Footprint doesn't match symbol's footprint filters
    - Footprint component type doesn't match footprint pads

** End of Report **
